<?xml version="1.0" encoding="UTF-8"?>
<testng-results skipped="0" failed="0" ignored="0" total="3" passed="3">
  <reporter-output>
  </reporter-output>
  <suite name="Default suite" duration-ms="6421" started-at="2021-11-30T16:03:26 IST" finished-at="2021-11-30T16:03:32 IST">
    <groups>
    </groups>
    <test name="Default test" duration-ms="6421" started-at="2021-11-30T16:03:26 IST" finished-at="2021-11-30T16:03:32 IST">
      <class name="API.Demo">
        <test-method status="PASS" signature="createboard()[pri:0, instance:API.Demo@1d8db5a]" name="createboard" duration-ms="4646" started-at="2021-11-30T16:03:26 IST" finished-at="2021-11-30T16:03:30 IST">
          <reporter-output>
          </reporter-output>
        </test-method> <!-- createboard -->
        <test-method status="PASS" signature="getboard()[pri:1, instance:API.Demo@1d8db5a]" name="getboard" duration-ms="701" started-at="2021-11-30T16:03:30 IST" finished-at="2021-11-30T16:03:31 IST">
          <reporter-output>
          </reporter-output>
        </test-method> <!-- getboard -->
        <test-method status="PASS" signature="deleteboard()[pri:2, instance:API.Demo@1d8db5a]" name="deleteboard" duration-ms="988" started-at="2021-11-30T16:03:31 IST" finished-at="2021-11-30T16:03:32 IST">
          <reporter-output>
          </reporter-output>
        </test-method> <!-- deleteboard -->
      </class> <!-- API.Demo -->
    </test> <!-- Default test -->
  </suite> <!-- Default suite -->
</testng-results>
